sample.interval=20000
".Call" ".rs.getSourceDocumentProperties" ".rs.stan.copySourceDatabaseToTempfile" ".rs.stan.runDiagnostics" ".rs.rpc.stan_run_diagnostics" 
"qjs_call" "stanc_ctx$call" "doTryCatch" "tryCatchOne" "tryCatchList" "tryCatch" "try" "stanc" "rstan::stanc_builder" "withCallingHandlers" "doTryCatch" "tryCatchOne" "tryCatchList" "tryCatch" ".rs.stan.runDiagnostics" ".rs.rpc.stan_run_diagnostics" 
"qjs_call" "stanc_ctx$call" "doTryCatch" "tryCatchOne" "tryCatchList" "tryCatch" "try" "stanc" "rstan::stanc_builder" "withCallingHandlers" "doTryCatch" "tryCatchOne" "tryCatchList" "tryCatch" ".rs.stan.runDiagnostics" ".rs.rpc.stan_run_diagnostics" 
"qjs_call" "stanc_ctx$call" "doTryCatch" "tryCatchOne" "tryCatchList" "tryCatch" "try" "stanc" "rstan::stanc_builder" "withCallingHandlers" "doTryCatch" "tryCatchOne" "tryCatchList" "tryCatch" ".rs.stan.runDiagnostics" ".rs.rpc.stan_run_diagnostics" 
"qjs_call" "stanc_ctx$call" "doTryCatch" "tryCatchOne" "tryCatchList" "tryCatch" "try" "stanc" "rstan::stanc_builder" "withCallingHandlers" "doTryCatch" "tryCatchOne" "tryCatchList" "tryCatch" ".rs.stan.runDiagnostics" ".rs.rpc.stan_run_diagnostics" 
"qjs_call" "stanc_ctx$call" "doTryCatch" "tryCatchOne" "tryCatchList" "tryCatch" "try" "stanc" "rstan::stanc_builder" "withCallingHandlers" "doTryCatch" "tryCatchOne" "tryCatchList" "tryCatch" ".rs.stan.runDiagnostics" ".rs.rpc.stan_run_diagnostics" 
"qjs_call" "stanc_ctx$call" "doTryCatch" "tryCatchOne" "tryCatchList" "tryCatch" "try" "stanc" "rstan::stanc_builder" "withCallingHandlers" "doTryCatch" "tryCatchOne" "tryCatchList" "tryCatch" ".rs.stan.runDiagnostics" ".rs.rpc.stan_run_diagnostics" 
"qjs_call" "stanc_ctx$call" "doTryCatch" "tryCatchOne" "tryCatchList" "tryCatch" "try" "stanc" "rstan::stanc_builder" "withCallingHandlers" "doTryCatch" "tryCatchOne" "tryCatchList" "tryCatch" ".rs.stan.runDiagnostics" ".rs.rpc.stan_run_diagnostics" 
"qjs_call" "stanc_ctx$call" "doTryCatch" "tryCatchOne" "tryCatchList" "tryCatch" "try" "stanc" "rstan::stanc_builder" "withCallingHandlers" "doTryCatch" "tryCatchOne" "tryCatchList" "tryCatch" ".rs.stan.runDiagnostics" ".rs.rpc.stan_run_diagnostics" 
"qjs_call" "stanc_ctx$call" "doTryCatch" "tryCatchOne" "tryCatchList" "tryCatch" "try" "stanc" "rstan::stanc_builder" "withCallingHandlers" "doTryCatch" "tryCatchOne" "tryCatchList" "tryCatch" ".rs.stan.runDiagnostics" ".rs.rpc.stan_run_diagnostics" 
"qjs_call" "stanc_ctx$call" "doTryCatch" "tryCatchOne" "tryCatchList" "tryCatch" "try" "stanc" "rstan::stanc_builder" "withCallingHandlers" "doTryCatch" "tryCatchOne" "tryCatchList" "tryCatch" ".rs.stan.runDiagnostics" ".rs.rpc.stan_run_diagnostics" 
"qjs_call" "stanc_ctx$call" "doTryCatch" "tryCatchOne" "tryCatchList" "tryCatch" "try" "stanc" "rstan::stanc_builder" "withCallingHandlers" "doTryCatch" "tryCatchOne" "tryCatchList" "tryCatch" ".rs.stan.runDiagnostics" ".rs.rpc.stan_run_diagnostics" 
"qjs_call" "stanc_ctx$call" "doTryCatch" "tryCatchOne" "tryCatchList" "tryCatch" "try" "stanc" "rstan::stanc_builder" "withCallingHandlers" "doTryCatch" "tryCatchOne" "tryCatchList" "tryCatch" ".rs.stan.runDiagnostics" ".rs.rpc.stan_run_diagnostics" 
"qjs_call" "stanc_ctx$call" "doTryCatch" "tryCatchOne" "tryCatchList" "tryCatch" "try" "stanc" "rstan::stanc_builder" "withCallingHandlers" "doTryCatch" "tryCatchOne" "tryCatchList" "tryCatch" ".rs.stan.runDiagnostics" ".rs.rpc.stan_run_diagnostics" 
"findCenvVar" "getInlineInfo" "tryInline" "cmpCall" "cmp" "cmpPrim1" "h" "tryInline" "cmpCall" "cmp" "h" "tryInline" "cmpCall" "cmp" "h" "tryInline" "cmpCall" "cmp" "genCode" "cmpfun" "doTryCatch" "tryCatchOne" "tryCatchList" "tryCatch" "compiler:::tryCmpfun" ".rs.stan.runDiagnostics" ".rs.rpc.stan_run_diagnostics" 
"qjs_call" "stanc_ctx$call" "doTryCatch" "tryCatchOne" "tryCatchList" "tryCatch" "try" "stanc" "rstan::stanc_builder" "withCallingHandlers" "doTryCatch" "tryCatchOne" "tryCatchList" "tryCatch" ".rs.stan.runDiagnostics" ".rs.rpc.stan_run_diagnostics" 
"qjs_call" "stanc_ctx$call" "doTryCatch" "tryCatchOne" "tryCatchList" "tryCatch" "try" "stanc" "rstan::stanc_builder" "withCallingHandlers" "doTryCatch" "tryCatchOne" "tryCatchList" "tryCatch" ".rs.stan.runDiagnostics" ".rs.rpc.stan_run_diagnostics" 
"qjs_call" "stanc_ctx$call" "doTryCatch" "tryCatchOne" "tryCatchList" "tryCatch" "try" "stanc" "rstan::stanc_builder" "withCallingHandlers" "doTryCatch" "tryCatchOne" "tryCatchList" "tryCatch" ".rs.stan.runDiagnostics" ".rs.rpc.stan_run_diagnostics" 
"qjs_call" "stanc_ctx$call" "doTryCatch" "tryCatchOne" "tryCatchList" "tryCatch" "try" "stanc" "rstan::stanc_builder" "withCallingHandlers" "doTryCatch" "tryCatchOne" "tryCatchList" "tryCatch" ".rs.stan.runDiagnostics" ".rs.rpc.stan_run_diagnostics" 
"qjs_call" "stanc_ctx$call" "doTryCatch" "tryCatchOne" "tryCatchList" "tryCatch" "try" "stanc" "rstan::stanc_builder" "withCallingHandlers" "doTryCatch" "tryCatchOne" "tryCatchList" "tryCatch" ".rs.stan.runDiagnostics" ".rs.rpc.stan_run_diagnostics" 
".Call" ".rs.getSourceDocumentProperties" ".rs.stan.copySourceDatabaseToTempfile" ".rs.stan.runDiagnostics" ".rs.rpc.stan_run_diagnostics" 
"qjs_call" "stanc_ctx$call" "doTryCatch" "tryCatchOne" "tryCatchList" "tryCatch" "try" "stanc" "rstan::stanc_builder" "withCallingHandlers" "doTryCatch" "tryCatchOne" "tryCatchList" "tryCatch" ".rs.stan.runDiagnostics" ".rs.rpc.stan_run_diagnostics" 
"qjs_call" "stanc_ctx$call" "doTryCatch" "tryCatchOne" "tryCatchList" "tryCatch" "try" "stanc" "rstan::stanc_builder" "withCallingHandlers" "doTryCatch" "tryCatchOne" "tryCatchList" "tryCatch" ".rs.stan.runDiagnostics" ".rs.rpc.stan_run_diagnostics" 
"qjs_call" "stanc_ctx$call" "doTryCatch" "tryCatchOne" "tryCatchList" "tryCatch" "try" "stanc" "rstan::stanc_builder" "withCallingHandlers" "doTryCatch" "tryCatchOne" "tryCatchList" "tryCatch" ".rs.stan.runDiagnostics" ".rs.rpc.stan_run_diagnostics" 
"qjs_call" "stanc_ctx$call" "doTryCatch" "tryCatchOne" "tryCatchList" "tryCatch" "try" "stanc" "rstan::stanc_builder" "withCallingHandlers" "doTryCatch" "tryCatchOne" "tryCatchList" "tryCatch" ".rs.stan.runDiagnostics" ".rs.rpc.stan_run_diagnostics" 
"qjs_call" "stanc_ctx$call" "doTryCatch" "tryCatchOne" "tryCatchList" "tryCatch" "try" "stanc" "rstan::stanc_builder" "withCallingHandlers" "doTryCatch" "tryCatchOne" "tryCatchList" "tryCatch" ".rs.stan.runDiagnostics" ".rs.rpc.stan_run_diagnostics" 
"qjs_call" "stanc_ctx$call" "doTryCatch" "tryCatchOne" "tryCatchList" "tryCatch" "try" "stanc" "rstan::stanc_builder" "withCallingHandlers" "doTryCatch" "tryCatchOne" "tryCatchList" "tryCatch" ".rs.stan.runDiagnostics" ".rs.rpc.stan_run_diagnostics" 
"qjs_call" "stanc_ctx$call" "doTryCatch" "tryCatchOne" "tryCatchList" "tryCatch" "try" "stanc" "rstan::stanc_builder" "withCallingHandlers" "doTryCatch" "tryCatchOne" "tryCatchList" "tryCatch" ".rs.stan.runDiagnostics" ".rs.rpc.stan_run_diagnostics" 
"qjs_call" "stanc_ctx$call" "doTryCatch" "tryCatchOne" "tryCatchList" "tryCatch" "try" "stanc" "rstan::stanc_builder" "withCallingHandlers" "doTryCatch" "tryCatchOne" "tryCatchList" "tryCatch" ".rs.stan.runDiagnostics" ".rs.rpc.stan_run_diagnostics" 
"qjs_call" "stanc_ctx$call" "doTryCatch" "tryCatchOne" "tryCatchList" "tryCatch" "try" "stanc" "rstan::stanc_builder" "withCallingHandlers" "doTryCatch" "tryCatchOne" "tryCatchList" "tryCatch" ".rs.stan.runDiagnostics" ".rs.rpc.stan_run_diagnostics" 
"qjs_call" "stanc_ctx$call" "doTryCatch" "tryCatchOne" "tryCatchList" "tryCatch" "try" "stanc" "rstan::stanc_builder" "withCallingHandlers" "doTryCatch" "tryCatchOne" "tryCatchList" "tryCatch" ".rs.stan.runDiagnostics" ".rs.rpc.stan_run_diagnostics" 
"qjs_call" "stanc_ctx$call" "doTryCatch" "tryCatchOne" "tryCatchList" "tryCatch" "try" "stanc" "rstan::stanc_builder" "withCallingHandlers" "doTryCatch" "tryCatchOne" "tryCatchList" "tryCatch" ".rs.stan.runDiagnostics" ".rs.rpc.stan_run_diagnostics" 
"qjs_call" "stanc_ctx$call" "doTryCatch" "tryCatchOne" "tryCatchList" "tryCatch" "try" "stanc" "rstan::stanc_builder" "withCallingHandlers" "doTryCatch" "tryCatchOne" "tryCatchList" "tryCatch" ".rs.stan.runDiagnostics" ".rs.rpc.stan_run_diagnostics" 
"scan" "stanc" "rstan::stanc_builder" "withCallingHandlers" "doTryCatch" "tryCatchOne" "tryCatchList" "tryCatch" ".rs.stan.runDiagnostics" ".rs.rpc.stan_run_diagnostics" 
".Call" ".rs.getSourceDocumentProperties" ".rs.stan.copySourceDatabaseToTempfile" ".rs.stan.runDiagnostics" ".rs.rpc.stan_run_diagnostics" 
"qjs_call" "stanc_ctx$call" "doTryCatch" "tryCatchOne" "tryCatchList" "tryCatch" "try" "stanc" "rstan::stanc_builder" "withCallingHandlers" "doTryCatch" "tryCatchOne" "tryCatchList" "tryCatch" ".rs.stan.runDiagnostics" ".rs.rpc.stan_run_diagnostics" 
"qjs_call" "stanc_ctx$call" "doTryCatch" "tryCatchOne" "tryCatchList" "tryCatch" "try" "stanc" "rstan::stanc_builder" "withCallingHandlers" "doTryCatch" "tryCatchOne" "tryCatchList" "tryCatch" ".rs.stan.runDiagnostics" ".rs.rpc.stan_run_diagnostics" 
"qjs_call" "stanc_ctx$call" "doTryCatch" "tryCatchOne" "tryCatchList" "tryCatch" "try" "stanc" "rstan::stanc_builder" "withCallingHandlers" "doTryCatch" "tryCatchOne" "tryCatchList" "tryCatch" ".rs.stan.runDiagnostics" ".rs.rpc.stan_run_diagnostics" 
"qjs_call" "stanc_ctx$call" "doTryCatch" "tryCatchOne" "tryCatchList" "tryCatch" "try" "stanc" "rstan::stanc_builder" "withCallingHandlers" "doTryCatch" "tryCatchOne" "tryCatchList" "tryCatch" ".rs.stan.runDiagnostics" ".rs.rpc.stan_run_diagnostics" 
"qjs_call" "stanc_ctx$call" "doTryCatch" "tryCatchOne" "tryCatchList" "tryCatch" "try" "stanc" "rstan::stanc_builder" "withCallingHandlers" "doTryCatch" "tryCatchOne" "tryCatchList" "tryCatch" ".rs.stan.runDiagnostics" ".rs.rpc.stan_run_diagnostics" 
"qjs_call" "stanc_ctx$call" "doTryCatch" "tryCatchOne" "tryCatchList" "tryCatch" "try" "stanc" "rstan::stanc_builder" "withCallingHandlers" "doTryCatch" "tryCatchOne" "tryCatchList" "tryCatch" ".rs.stan.runDiagnostics" ".rs.rpc.stan_run_diagnostics" 
"qjs_call" "stanc_ctx$call" "doTryCatch" "tryCatchOne" "tryCatchList" "tryCatch" "try" "stanc" "rstan::stanc_builder" "withCallingHandlers" "doTryCatch" "tryCatchOne" "tryCatchList" "tryCatch" ".rs.stan.runDiagnostics" ".rs.rpc.stan_run_diagnostics" 
"qjs_call" "stanc_ctx$call" "doTryCatch" "tryCatchOne" "tryCatchList" "tryCatch" "try" "stanc" "rstan::stanc_builder" "withCallingHandlers" "doTryCatch" "tryCatchOne" "tryCatchList" "tryCatch" ".rs.stan.runDiagnostics" ".rs.rpc.stan_run_diagnostics" 
"qjs_call" "stanc_ctx$call" "doTryCatch" "tryCatchOne" "tryCatchList" "tryCatch" "try" "stanc" "rstan::stanc_builder" "withCallingHandlers" "doTryCatch" "tryCatchOne" "tryCatchList" "tryCatch" ".rs.stan.runDiagnostics" ".rs.rpc.stan_run_diagnostics" 
"qjs_call" "stanc_ctx$call" "doTryCatch" "tryCatchOne" "tryCatchList" "tryCatch" "try" "stanc" "rstan::stanc_builder" "withCallingHandlers" "doTryCatch" "tryCatchOne" "tryCatchList" "tryCatch" ".rs.stan.runDiagnostics" ".rs.rpc.stan_run_diagnostics" 
"qjs_call" "stanc_ctx$call" "doTryCatch" "tryCatchOne" "tryCatchList" "tryCatch" "try" "stanc" "rstan::stanc_builder" "withCallingHandlers" "doTryCatch" "tryCatchOne" "tryCatchList" "tryCatch" ".rs.stan.runDiagnostics" ".rs.rpc.stan_run_diagnostics" 
".Call" ".rs.getSourceDocumentProperties" ".rs.stan.copySourceDatabaseToTempfile" ".rs.stan.runDiagnostics" ".rs.rpc.stan_run_diagnostics" 
"close.connection" "close" "writeLines" "stanc" "rstan::stanc_builder" "withCallingHandlers" "doTryCatch" "tryCatchOne" "tryCatchList" "tryCatch" ".rs.stan.runDiagnostics" ".rs.rpc.stan_run_diagnostics" 
"qjs_call" "stanc_ctx$call" "doTryCatch" "tryCatchOne" "tryCatchList" "tryCatch" "try" "stanc" "rstan::stanc_builder" "withCallingHandlers" "doTryCatch" "tryCatchOne" "tryCatchList" "tryCatch" ".rs.stan.runDiagnostics" ".rs.rpc.stan_run_diagnostics" 
"qjs_call" "stanc_ctx$call" "doTryCatch" "tryCatchOne" "tryCatchList" "tryCatch" "try" "stanc" "rstan::stanc_builder" "withCallingHandlers" "doTryCatch" "tryCatchOne" "tryCatchList" "tryCatch" ".rs.stan.runDiagnostics" ".rs.rpc.stan_run_diagnostics" 
"qjs_call" "stanc_ctx$call" "doTryCatch" "tryCatchOne" "tryCatchList" "tryCatch" "try" "stanc" "rstan::stanc_builder" "withCallingHandlers" "doTryCatch" "tryCatchOne" "tryCatchList" "tryCatch" ".rs.stan.runDiagnostics" ".rs.rpc.stan_run_diagnostics" 
"qjs_call" "stanc_ctx$call" "doTryCatch" "tryCatchOne" "tryCatchList" "tryCatch" "try" "stanc" "rstan::stanc_builder" "withCallingHandlers" "doTryCatch" "tryCatchOne" "tryCatchList" "tryCatch" ".rs.stan.runDiagnostics" ".rs.rpc.stan_run_diagnostics" 
"qjs_call" "stanc_ctx$call" "doTryCatch" "tryCatchOne" "tryCatchList" "tryCatch" "try" "stanc" "rstan::stanc_builder" "withCallingHandlers" "doTryCatch" "tryCatchOne" "tryCatchList" "tryCatch" ".rs.stan.runDiagnostics" ".rs.rpc.stan_run_diagnostics" 
"qjs_call" "stanc_ctx$call" "doTryCatch" "tryCatchOne" "tryCatchList" "tryCatch" "try" "stanc" "rstan::stanc_builder" "withCallingHandlers" "doTryCatch" "tryCatchOne" "tryCatchList" "tryCatch" ".rs.stan.runDiagnostics" ".rs.rpc.stan_run_diagnostics" 
"qjs_call" "stanc_ctx$call" "doTryCatch" "tryCatchOne" "tryCatchList" "tryCatch" "try" "stanc" "rstan::stanc_builder" "withCallingHandlers" "doTryCatch" "tryCatchOne" "tryCatchList" "tryCatch" ".rs.stan.runDiagnostics" ".rs.rpc.stan_run_diagnostics" 
"qjs_call" "stanc_ctx$call" "doTryCatch" "tryCatchOne" "tryCatchList" "tryCatch" "try" "stanc" "rstan::stanc_builder" "withCallingHandlers" "doTryCatch" "tryCatchOne" "tryCatchList" "tryCatch" ".rs.stan.runDiagnostics" ".rs.rpc.stan_run_diagnostics" 
".rs.availablePackagesState" ".rs.availablePackages" ".rs.rpc.discover_package_dependencies" 
".Call" ".rs.readSourceDocument" ".rs.discoverPackageDependencies" ".rs.rpc.discover_package_dependencies" 
".Call" ".rs.getKnitParamsForDocument" ".rs.injectKnitrParamsObject" ".rs.rpc.get_completions" 
".Call" ".rs.getKnitParamsForDocument" ".rs.injectKnitrParamsObject" ".rs.rpc.get_completions" 
"ls" "FUN" "lapply" ".rs.objectsOnSearchPath" ".rs.getCompletionsSearchPath" "Reduce" ".rs.rpc.get_completions" 
"length" "isFALSE" "addParaBreaks" "writeLines" "writeLinesUTF8" "of1" "writeBlock" "writeContent" "writeSection" "Rd2HTML" "tools:::httpd" "withCallingHandlers" "suppressWarnings" ".rs.getHelp" ".rs.getHelpFromObject" ".rs.getHelpFunction" ".rs.getHelpRpcImpl" ".rs.rpc.get_help" 
"file" "readLines" "paste" "tools:::httpd" "withCallingHandlers" "suppressWarnings" ".rs.getHelp" ".rs.getHelpFromObject" ".rs.getHelpFunction" ".rs.getHelpRpcImpl" ".rs.rpc.get_help" 
"gzfile" "readRDS" "tools:::httpd" "withCallingHandlers" "suppressWarnings" ".rs.getHelp" ".rs.getHelpFromObject" ".rs.getHelpFunction" ".rs.getHelpRpcImpl" ".rs.rpc.get_help" 
"writeLines" "writeLinesUTF8" "of1" "writeBlock" "writeContent" "writeContent" "writeSection" "Rd2HTML" "tools:::httpd" "withCallingHandlers" "suppressWarnings" ".rs.getHelp" ".rs.getHelpFromObject" ".rs.getHelpFunction" ".rs.getHelpRpcImpl" ".rs.rpc.get_help" 
".Call" ".rs.getKnitParamsForDocument" ".rs.injectKnitrParamsObject" ".rs.rpc.get_completions" 
".Call" ".rs.getKnitParamsForDocument" ".rs.injectKnitrParamsObject" ".rs.rpc.get_completions" 
"list" ".rs.makeCompletions" ".rs.getCompletionsPackages" "Reduce" ".rs.rpc.get_completions" 
"constantFoldSym" "constantFold" "cmp" "h" "tryInline" "cmpCall" "cmp" "cmpSubsetDispatch" "h" "tryInline" "cmpCall" "cmp" "genCode" "cb$putconst" "cmpCallArgs" "cmpCallSymFun" "cmpCall" "cmp" "genCode" "cb$putconst" "cmpCallArgs" "cmpCallSymFun" "cmpCall" "cmp" "genCode" "cb$putconst" "cmpCallArgs" "cmpCallSymFun" "cmpCall" "cmp" "h" "tryInline" "cmpCall" "cmp" "genCode" "h" "tryInline" "cmpCall" "cmp" "genCode" "cb$putconst" "cmpCallArgs" "cmpCallSymFun" "cmpCall" "cmp" "cmpSymbolAssign" "h" "tryInline" "cmpCall" "cmp" "h" "tryInline" "cmpCall" "cmp" "h" "tryInline" "cmpCall" "cmp" "h" "tryInline" "cmpCall" "cmp" "genCode" "cmpfun" "doTryCatch" "tryCatchOne" "tryCatchList" "tryCatch" "compiler:::tryCmpfun" ".rs.getCompletionsActivePackage" ".rs.appendCompletions" ".rs.rpc.get_completions" 
".Call" ".rs.getKnitParamsForDocument" ".rs.injectKnitrParamsObject" ".rs.rpc.get_completions" 
"ls" "FUN" "lapply" ".rs.objectsOnSearchPath" ".rs.getCompletionsSearchPath" "Reduce" ".rs.rpc.get_completions" 
".Call" ".rs.readSourceDocument" ".rs.discoverPackageDependencies" ".rs.rpc.discover_package_dependencies" 
"structure" "simpleError" "tryCatchOne" "tryCatchList" "tryCatch" "base::try" "withCallingHandlers" "base::suppressWarnings" 
"doTryCatch" "tryCatchOne" "tryCatchList" "tryCatch" "base::try" "withCallingHandlers" "base::suppressWarnings" 
".Call" ".rs.getKnitParamsForDocument" ".rs.injectKnitrParamsObject" ".rs.rpc.get_completions" 
".rs.scalar" ".rs.makeCompletions" ".rs.getCompletionsSearchPath" "Reduce" ".rs.rpc.get_completions" 
".Call" ".rs.getKnitParamsForDocument" ".rs.injectKnitrParamsObject" ".rs.rpc.get_completions" 
"identical" ".rs.getCompletionType" "FUN" "vapply" ".rs.getCompletionsSearchPath" "Reduce" ".rs.rpc.get_completions" 
"gzfile" "read.dcf" "doTryCatch" "tryCatchOne" "tryCatchList" "tryCatch" ".read_description" "Rd2HTML" "tools:::httpd" "withCallingHandlers" "suppressWarnings" ".rs.getHelp" ".rs.getHelpRpcImpl" ".rs.rpc.get_help" 
"gsub" "psub" "htmlify" "utils:::getSrcByte" "isBlankLineRd" "addParaBreaks" "writeLines" "writeLinesUTF8" "of1" "writeBlock" "writeContent" "writeSection" "Rd2HTML" "tools:::httpd" "withCallingHandlers" "suppressWarnings" ".rs.getHelp" ".rs.getHelpRpcImpl" ".rs.rpc.get_help" 
"file.exists" "find.package" "system.file" "tools:::httpd" "withCallingHandlers" "suppressWarnings" ".rs.getHelp" ".rs.getHelpRpcImpl" ".rs.rpc.get_help" 
"grep" "isBlankLineRd" "addParaBreaks" "writeLines" "writeLinesUTF8" "of1" "writeBlock" "writeContent" "writeContent" "writeBlock" "writeContent" "writeSection" "Rd2HTML" "tools:::httpd" "withCallingHandlers" "suppressWarnings" ".rs.getHelp" ".rs.getHelpRpcImpl" ".rs.rpc.get_help" 
"utils:::getSrcByte" "isBlankLineRd" "addParaBreaks" "writeLines" "writeLinesUTF8" "of1" "writeBlock" "writeContent" "writeContent" "writeBlock" "writeContent" "writeSection" "Rd2HTML" "tools:::httpd" "withCallingHandlers" "suppressWarnings" ".rs.getHelp" ".rs.getHelpRpcImpl" ".rs.rpc.get_help" 
"paste0" "writeLines" "writeLinesUTF8" "of1" "of0" "writeWrapped" "writeBlock" "writeContent" "writeContent" "writeBlock" "writeContent" "writeSection" "Rd2HTML" "tools:::httpd" "withCallingHandlers" "suppressWarnings" ".rs.getHelp" ".rs.getHelpRpcImpl" ".rs.rpc.get_help" 
"lazyLoadDBfetch" "fetch" "fun" "lazyLoadDBexec" "tools:::fetchRdDB" "utils:::.getHelpFile" "Rd2HTML" "tools:::httpd" "withCallingHandlers" "suppressWarnings" ".rs.getHelp" ".rs.getHelpRpcImpl" ".rs.rpc.get_help" 
"fsub" "htmlify" "utils:::getSrcByte" "isBlankLineRd" "addParaBreaks" "writeLines" "writeLinesUTF8" "of1" "writeBlock" "writeContent" "writeBlock" "writeContent" "writeSection" "Rd2HTML" "tools:::httpd" "withCallingHandlers" "suppressWarnings" ".rs.getHelp" ".rs.getHelpRpcImpl" ".rs.rpc.get_help" 
"is.factor" "gsub" "fsub" "htmlify" "utils:::getSrcByte" "isBlankLineRd" "addParaBreaks" "writeLines" "writeLinesUTF8" "of1" "writeBlock" "writeContent" "writeContent" "writeBlock" "writeContent" "writeSection" "Rd2HTML" "tools:::httpd" "withCallingHandlers" "suppressWarnings" ".rs.getHelp" ".rs.getHelpRpcImpl" ".rs.rpc.get_help" 
"file" "readLines" "paste" "tools:::httpd" "withCallingHandlers" "suppressWarnings" ".rs.getHelp" ".rs.getHelpRpcImpl" ".rs.rpc.get_help" 
".Call" ".rs.getKnitParamsForDocument" ".rs.injectKnitrParamsObject" ".rs.rpc.get_completions" 
"ls" "FUN" "lapply" ".rs.objectsOnSearchPath" ".rs.getCompletionsSearchPath" "Reduce" ".rs.rpc.get_completions" 
"doTryCatch" "tryCatchOne" "tryCatchList" "tryCatch" ".rs.getHelpFromObject" ".rs.getHelpFunction" ".rs.getHelpRpcImpl" ".rs.rpc.get_help" 
"file.info" "file_test" "Rd2HTML" "tools:::httpd" "withCallingHandlers" "suppressWarnings" ".rs.getHelp" ".rs.getHelpFromObject" ".rs.getHelpFunction" ".rs.getHelpRpcImpl" ".rs.rpc.get_help" 
"grep" "isBlankLineRd" "addParaBreaks" "writeLines" "writeLinesUTF8" "of1" "writeBlock" "writeContent" "writeSection" "Rd2HTML" "tools:::httpd" "withCallingHandlers" "suppressWarnings" ".rs.getHelp" ".rs.getHelpFromObject" ".rs.getHelpFunction" ".rs.getHelpRpcImpl" ".rs.rpc.get_help" 
".Call" ".rs.getKnitParamsForDocument" ".rs.injectKnitrParamsObject" ".rs.rpc.get_completions" 
"ls" "FUN" "lapply" ".rs.objectsOnSearchPath" ".rs.getCompletionsSearchPath" "Reduce" ".rs.rpc.get_completions" 
".Call" ".rs.getKnitParamsForDocument" ".rs.injectKnitrParamsObject" ".rs.rpc.get_completions" 
".Call" ".rs.getKnitParamsForDocument" ".rs.injectKnitrParamsObject" ".rs.rpc.get_completions" 
"gsub" ".rs.fuzzyMatches" ".rs.getCompletionsNAMESPACE" "Reduce" ".rs.rpc.get_completions" 
"sprintf" "gettextf" "packageNotFoundError" "stop" "find.package" "index.search" "utils::help" ".External2" "inject" "help" "eval" "eval" "withCallingHandlers" "doTryCatch" "tryCatchOne" "tryCatchList" "tryCatch" ".rs.tryCatch" ".rs.getHelp" ".rs.getHelpRpcImpl" ".rs.rpc.get_help" 
".Call" ".rs.getKnitParamsForDocument" ".rs.injectKnitrParamsObject" ".rs.rpc.get_completions" 
"ls" "FUN" "lapply" ".rs.objectsOnSearchPath" ".rs.getCompletionsSearchPath" "Reduce" ".rs.rpc.get_completions" 
"saveRDS" ".rs.onAvailablePackagesStale" ".rs.availablePackages" ".rs.rpc.discover_package_dependencies" 
"readRDS" "withCallingHandlers" "doTryCatch" "tryCatchOne" "tryCatchList" "tryCatch" ".rs.tryCatch" ".rs.onAvailablePackagesReady" "<Anonymous>" 
"readRDS" "withCallingHandlers" "doTryCatch" "tryCatchOne" "tryCatchList" "tryCatch" ".rs.tryCatch" ".rs.onAvailablePackagesReady" "<Anonymous>" 
"readRDS" "withCallingHandlers" "doTryCatch" "tryCatchOne" "tryCatchList" "tryCatch" ".rs.tryCatch" ".rs.onAvailablePackagesReady" "<Anonymous>" 
".Call" ".rs.enqueClientEvent" "<Anonymous>" 
".Call" ".rs.readSourceDocument" ".rs.discoverPackageDependencies" ".rs.rpc.discover_package_dependencies" 
".Call" ".rs.readSourceDocument" ".rs.discoverPackageDependencies" ".rs.rpc.discover_package_dependencies" 
".Call" ".rs.readSourceDocument" ".rs.discoverPackageDependencies" ".rs.rpc.discover_package_dependencies" 
".Call" ".rs.readSourceDocument" ".rs.discoverPackageDependencies" ".rs.rpc.discover_package_dependencies" 
".Call" ".rs.readSourceDocument" ".rs.discoverPackageDependencies" ".rs.rpc.discover_package_dependencies" 
".Call" ".rs.readSourceDocument" ".rs.discoverPackageDependencies" ".rs.rpc.discover_package_dependencies" 
".Call" ".rs.readSourceDocument" ".rs.discoverPackageDependencies" ".rs.rpc.discover_package_dependencies" 
".Call" ".rs.readSourceDocument" ".rs.discoverPackageDependencies" ".rs.rpc.discover_package_dependencies" 
".Call" ".rs.readSourceDocument" ".rs.discoverPackageDependencies" ".rs.rpc.discover_package_dependencies" 
".Call" ".rs.readSourceDocument" ".rs.discoverPackageDependencies" ".rs.rpc.discover_package_dependencies" 
".Call" ".rs.readSourceDocument" ".rs.discoverPackageDependencies" ".rs.rpc.discover_package_dependencies" 
".Call" ".rs.readSourceDocument" ".rs.discoverPackageDependencies" ".rs.rpc.discover_package_dependencies" 
".Call" ".rs.readSourceDocument" ".rs.discoverPackageDependencies" ".rs.rpc.discover_package_dependencies" 
".Call" ".rs.readSourceDocument" ".rs.discoverPackageDependencies" ".rs.rpc.discover_package_dependencies" 
".Call" ".rs.readSourceDocument" ".rs.discoverPackageDependencies" ".rs.rpc.discover_package_dependencies" 
".Call" ".rs.readSourceDocument" ".rs.discoverPackageDependencies" ".rs.rpc.discover_package_dependencies" 
".Call" ".rs.readSourceDocument" ".rs.discoverPackageDependencies" ".rs.rpc.discover_package_dependencies" 
".Call" ".rs.readSourceDocument" ".rs.discoverPackageDependencies" ".rs.rpc.discover_package_dependencies" 
".Call" ".rs.readSourceDocument" ".rs.discoverPackageDependencies" ".rs.rpc.discover_package_dependencies" 
".Call" ".rs.readSourceDocument" ".rs.discoverPackageDependencies" ".rs.rpc.discover_package_dependencies" 
".Call" ".rs.getKnitParamsForDocument" ".rs.injectKnitrParamsObject" ".rs.rpc.get_completions" 
".Call" ".rs.getKnitParamsForDocument" ".rs.injectKnitrParamsObject" ".rs.rpc.get_completions" 
".Call" ".rs.getKnitParamsForDocument" ".rs.injectKnitrParamsObject" ".rs.rpc.get_completions" 
".Call" ".rs.getKnitParamsForDocument" ".rs.injectKnitrParamsObject" ".rs.rpc.get_completions" 
".Call" ".rs.getKnitParamsForDocument" ".rs.injectKnitrParamsObject" ".rs.rpc.get_completions" 
".Call" ".rs.getKnitParamsForDocument" ".rs.injectKnitrParamsObject" ".rs.rpc.get_completions" 
".Call" ".rs.getKnitParamsForDocument" ".rs.injectKnitrParamsObject" ".rs.rpc.get_completions" 
".Call" ".rs.getKnitParamsForDocument" ".rs.injectKnitrParamsObject" ".rs.rpc.get_completions" 
".Call" ".rs.getKnitParamsForDocument" ".rs.injectKnitrParamsObject" ".rs.rpc.get_completions" 
".Call" ".rs.readSourceDocument" ".rs.discoverPackageDependencies" ".rs.rpc.discover_package_dependencies" 
".Call" ".rs.getKnitParamsForDocument" ".rs.injectKnitrParamsObject" ".rs.rpc.get_completions" 
"ls" "FUN" "lapply" ".rs.objectsOnSearchPath" ".rs.getCompletionsSearchPath" "Reduce" ".rs.rpc.get_completions" 
".Call" ".rs.getKnitParamsForDocument" ".rs.injectKnitrParamsObject" ".rs.rpc.get_completions" 
"ls" "FUN" "lapply" ".rs.objectsOnSearchPath" ".rs.getCompletionsSearchPath" "Reduce" ".rs.rpc.get_completions" 
".Call" ".rs.getKnitParamsForDocument" ".rs.injectKnitrParamsObject" ".rs.rpc.get_completions" 
".Call" ".rs.getKnitParamsForDocument" ".rs.injectKnitrParamsObject" ".rs.rpc.get_completions" 
".Call" ".rs.getKnitParamsForDocument" ".rs.injectKnitrParamsObject" ".rs.rpc.get_completions" 
"findCenvVar" "getInlineInfo" "tryInline" "cmpCall" "cmp" "h" "tryInline" "cmpCall" "cmp" "h" "tryInline" "cmpCall" "cmp" "h" "tryInline" "cmpCall" "cmp" "h" "tryInline" "cmpCall" "cmp" "genCode" "cmpfun" "doTryCatch" "tryCatchOne" "tryCatchList" "tryCatch" "compiler:::tryCmpfun" ".rs.getCompletionsDollar" ".rs.rpc.get_completions" 
"structure" "make.toplevelContext" "make.functionContext" "h" "tryInline" "cmpCall" "cmp" "genCode" "cb$putconst" "cmpCallArgs" "cmpCallSymFun" "cmpCall" "cmp" "genCode" "cb$putconst" "cmpCallArgs" "cmpCallSymFun" "cmpCall" "cmp" "cmpComplexAssign" "h" "tryInline" "cmpCall" "cmp" "h" "tryInline" "cmpCall" "cmp" "h" "tryInline" "cmpCall" "cmp" "h" "tryInline" "cmpCall" "cmp" "cmpForBody" "h" "tryInline" "cmpCall" "cmp" "h" "tryInline" "cmpCall" "cmp" "h" "tryInline" "cmpCall" "cmp" "h" "tryInline" "cmpCall" "cmp" "h" "tryInline" "cmpCall" "cmp" "h" "tryInline" "cmpCall" "cmp" "h" "tryInline" "cmpCall" "cmp" "h" "tryInline" "cmpCall" "cmp" "h" "tryInline" "cmpCall" "cmp" "genCode" "cmpfun" "doTryCatch" "tryCatchOne" "tryCatchList" "tryCatch" "compiler:::tryCmpfun" ".rs.getCompletionsDollar" ".rs.rpc.get_completions" 
".Call" ".rs.readSourceDocument" ".rs.discoverPackageDependencies" ".rs.rpc.discover_package_dependencies" 
".Call" ".rs.getKnitParamsForDocument" ".rs.injectKnitrParamsObject" ".rs.rpc.get_completions" 
".Call" ".rs.getKnitParamsForDocument" ".rs.injectKnitrParamsObject" ".rs.rpc.get_completions" 
"grepl" ".rs.makeCompletions" ".rs.getCompletionsActivePackage" ".rs.appendCompletions" ".rs.rpc.get_completions" 
".Call" ".rs.getKnitParamsForDocument" ".rs.injectKnitrParamsObject" ".rs.rpc.get_completions" 
".Call" ".rs.getKnitParamsForDocument" ".rs.injectKnitrParamsObject" ".rs.rpc.get_completions" 
".Call" ".rs.getKnitParamsForDocument" ".rs.injectKnitrParamsObject" ".rs.rpc.get_completions" 
".Call" ".rs.getKnitParamsForDocument" ".rs.injectKnitrParamsObject" ".rs.rpc.get_completions" 
".Call" ".rs.readSourceDocument" ".rs.discoverPackageDependencies" ".rs.rpc.discover_package_dependencies" 
".Call" ".rs.getKnitParamsForDocument" ".rs.injectKnitrParamsObject" ".rs.rpc.get_completions" 
".Call" ".rs.getKnitParamsForDocument" ".rs.injectKnitrParamsObject" ".rs.rpc.get_completions" 
"gsub" ".rs.fuzzyMatches" ".rs.getCompletionsActivePackage" ".rs.appendCompletions" ".rs.rpc.get_completions" 
".Call" ".rs.getKnitParamsForDocument" ".rs.injectKnitrParamsObject" ".rs.rpc.get_completions" 
".Call" ".rs.getKnitParamsForDocument" ".rs.injectKnitrParamsObject" ".rs.rpc.get_completions" 
".rs.scalar" ".rs.makeCompletions" ".rs.emptyCompletions" ".rs.getCompletionsActivePackage" ".rs.appendCompletions" ".rs.rpc.get_completions" 
".Call" ".rs.getKnitParamsForDocument" ".rs.injectKnitrParamsObject" ".rs.rpc.get_completions" 
"unlist" ".rs.getCompletionsSearchPath" "Reduce" ".rs.rpc.get_completions" 
"FUN" "lapply" "unlist" ".rs.getCompletionsSearchPath" "Reduce" ".rs.rpc.get_completions" 
"FUN" "lapply" "unlist" ".rs.getCompletionsSearchPath" "Reduce" ".rs.rpc.get_completions" 
"FUN" "lapply" "unlist" ".rs.getCompletionsSearchPath" "Reduce" ".rs.rpc.get_completions" 
"FUN" "lapply" "unlist" ".rs.getCompletionsSearchPath" "Reduce" ".rs.rpc.get_completions" 
"FUN" "lapply" "unlist" ".rs.getCompletionsSearchPath" "Reduce" ".rs.rpc.get_completions" 
"FUN" "lapply" "unlist" ".rs.getCompletionsSearchPath" "Reduce" ".rs.rpc.get_completions" 
"list" ".rs.makeCompletions" ".rs.appendCompletions" ".rs.getCompletionsActivePackage" ".rs.appendCompletions" ".rs.rpc.get_completions" 
".Call" ".rs.getKnitParamsForDocument" ".rs.injectKnitrParamsObject" ".rs.rpc.get_completions" 
"ls" "FUN" "lapply" ".rs.objectsOnSearchPath" ".rs.getCompletionsSearchPath" "Reduce" ".rs.rpc.get_completions" 
".Call" ".rs.getKnitParamsForDocument" ".rs.injectKnitrParamsObject" ".rs.rpc.get_completions" 
"nchar" ".rs.startsWith" ".rs.fuzzyMatches" ".rs.getCompletionsActivePackage" ".rs.appendCompletions" ".rs.rpc.get_completions" 
".Call" ".rs.getKnitParamsForDocument" ".rs.injectKnitrParamsObject" ".rs.rpc.get_completions" 
"ls" "FUN" "lapply" ".rs.objectsOnSearchPath" ".rs.getCompletionsSearchPath" "Reduce" ".rs.rpc.get_completions" 
".Call" ".rs.getKnitParamsForDocument" ".rs.injectKnitrParamsObject" ".rs.rpc.get_completions" 
".Call" ".rs.getKnitParamsForDocument" ".rs.injectKnitrParamsObject" ".rs.rpc.get_completions" 
".Call" ".rs.getKnitParamsForDocument" ".rs.injectKnitrParamsObject" ".rs.rpc.get_completions" 
".Call" ".rs.getKnitParamsForDocument" ".rs.injectKnitrParamsObject" ".rs.rpc.get_completions" 
"doTryCatch" "tryCatchOne" "tryCatchList" "tryCatch" "base::try" "withCallingHandlers" "base::suppressWarnings" 
".Call" ".rs.getKnitParamsForDocument" ".rs.injectKnitrParamsObject" ".rs.rpc.get_completions" 
".Call" ".rs.getKnitParamsForDocument" ".rs.injectKnitrParamsObject" ".rs.rpc.get_completions" 
".Call" ".rs.scoreMatches" ".rs.sortCompletions" ".rs.rpc.get_completions" 
".Call" ".rs.getKnitParamsForDocument" ".rs.injectKnitrParamsObject" ".rs.rpc.get_completions" 
".Call" ".rs.getKnitParamsForDocument" ".rs.injectKnitrParamsObject" ".rs.rpc.get_completions" 
".Call" ".rs.getKnitParamsForDocument" ".rs.injectKnitrParamsObject" ".rs.rpc.get_completions" 
".Call" ".rs.getKnitParamsForDocument" ".rs.injectKnitrParamsObject" ".rs.rpc.get_completions" 
".Call" ".rs.getKnitParamsForDocument" ".rs.injectKnitrParamsObject" ".rs.rpc.get_completions" 
".Call" ".rs.getKnitParamsForDocument" ".rs.injectKnitrParamsObject" ".rs.rpc.get_completions" 
".Call" ".rs.getKnitParamsForDocument" ".rs.injectKnitrParamsObject" ".rs.rpc.get_completions" 
"ls" "FUN" "lapply" ".rs.objectsOnSearchPath" ".rs.getCompletionsSearchPath" "Reduce" ".rs.rpc.get_completions" 
".Call" ".rs.getKnitParamsForDocument" ".rs.injectKnitrParamsObject" ".rs.rpc.get_completions" 
".Call" ".rs.getKnitParamsForDocument" ".rs.injectKnitrParamsObject" ".rs.rpc.get_completions" 
".Call" ".rs.getKnitParamsForDocument" ".rs.injectKnitrParamsObject" ".rs.rpc.get_completions" 
".Call" ".rs.getKnitParamsForDocument" ".rs.injectKnitrParamsObject" ".rs.rpc.get_completions" 
".Call" ".rs.getKnitParamsForDocument" ".rs.injectKnitrParamsObject" ".rs.rpc.get_completions" 
".Call" ".rs.getKnitParamsForDocument" ".rs.injectKnitrParamsObject" ".rs.rpc.get_completions" 
".Call" ".rs.scoreMatches" ".rs.sortCompletions" ".rs.rpc.get_completions" 
".Call" ".rs.getKnitParamsForDocument" ".rs.injectKnitrParamsObject" ".rs.rpc.get_completions" 
".Call" ".rs.getKnitParamsForDocument" ".rs.injectKnitrParamsObject" ".rs.rpc.get_completions" 
".Call" ".rs.getKnitParamsForDocument" ".rs.injectKnitrParamsObject" ".rs.rpc.get_completions" 
".Call" ".rs.readSourceDocument" ".rs.discoverPackageDependencies" ".rs.rpc.discover_package_dependencies" 
".Call" ".rs.readSourceDocument" ".rs.discoverPackageDependencies" ".rs.rpc.discover_package_dependencies" 
".Call" ".rs.readSourceDocument" ".rs.discoverPackageDependencies" ".rs.rpc.discover_